<?xml version="1.0" encoding="UTF-8"?>
<testsuite xmlns:xsi="http://www.w3.org/2001/XMLSchema-instance" xsi:noNamespaceSchemaLocation="https://maven.apache.org/surefire/maven-surefire-plugin/xsd/surefire-test-report.xsd" version="3.0.2" name="com.eduhub.eduhub_backend.EduhubBackendApplicationTests" time="2.149" tests="1" errors="0" skipped="0" failures="0" flakes="0">
  <properties>
[...]
</properties>
  <testcase name="contextLoads" classname="com.eduhub.eduhub_backend.EduhubBackendApplicationTests" time="0.539">
    <system-out><![CDATA[10:27:50.119 [main] INFO org.springframework.test.context.support.AnnotationConfigContextLoaderUtils -- Could not detect default configuration classes for test class [com.eduhub.eduhub_backend.EduhubBackendApplicationTests]: EduhubBackendApplicationTests does not declare any static, non-private, non-final, nested classes annotated with @Configuration.
10:27:50.215 [main] INFO org.springframework.boot.test.context.SpringBootTestContextBootstrapper -- Found @SpringBootConfiguration com.eduhub.eduhub_backend.EduhubBackendApplication for test class com.eduhub.eduhub_backend.EduhubBackendApplicationTests
10:27:50.300 [main] INFO org.springframework.test.context.support.AnnotationConfigContextLoaderUtils -- Could not detect default configuration classes for test class [com.eduhub.eduhub_backend.EduhubBackendApplicationTests]: EduhubBackendApplicationTests does not declare any static, non-private, non-final, nested classes annotated with @Configuration.
10:27:50.302 [main] INFO org.springframework.boot.test.context.SpringBootTestContextBootstrapper -- Found @SpringBootConfiguration com.eduhub.eduhub_backend.EduhubBackendApplication for test class com.eduhub.eduhub_backend.EduhubBackendApplicationTests
10:27:50.369 [main] INFO org.springframework.boot.devtools.restart.RestartApplicationListener -- Restart disabled due to context in which it is running

  .   ____          _            __ _ _
 /\\ / ___'_ __ _ _(_)_ __  __ _ \ \ \ \
( ( )\___ | '_ | '_| | '_ \/ _` | \ \ \ \
 \\/  ___)| |_)| | | | | || (_| |  ) ) ) )
  '  |____| .__|_| |_|_| |_\__, | / / / /
 =========|_|==============|___/=/_/_/_/

 :: Spring Boot ::                (v4.0.6)

2026-05-25T10:27:50.616+05:30  INFO 21596 --- [eduhub-backend] [           main] c.e.e.EduhubBackendApplicationTests      : Starting EduhubBackendApplicationTests using Java 24.0.1 with PID 21596 (started by shiva in C:\Users\shiva\Downloads\eduhub-backend\eduhub-backend)
2026-05-25T10:27:50.617+05:30  INFO 21596 --- [eduhub-backend] [           main] c.e.e.EduhubBackendApplicationTests      : No active profile set, falling back to 1 default profile: "default"
2026-05-25T10:27:51.516+05:30  INFO 21596 --- [eduhub-backend] [           main] c.e.e.EduhubBackendApplicationTests      : Started EduhubBackendApplicationTests in 1.157 seconds (process running for 2.385)
]]></system-out>
    <system-err><![CDATA[Mockito is currently self-attaching to enable the inline-mock-maker. This will no longer work in future releases of the JDK. Please add Mockito as an agent to your build as described in Mockito's documentation: https://javadoc.io/doc/org.mockito/mockito-core/latest/org.mockito/org/mockito/Mockito.html#0.3
WARNING: A Java agent has been loaded dynamically (C:\Users\shiva\.m2\repository\net\bytebuddy\byte-buddy-agent\1.17.8\byte-buddy-agent-1.17.8.jar)
WARNING: If a serviceability tool is in use, please run with -XX:+EnableDynamicAgentLoading to hide this warning
WARNING: If a serviceability tool is not in use, please run with -Djdk.instrument.traceUsage for more information
WARNING: Dynamic loading of agents will be disallowed by default in a future release
]]></system-err>
  </testcase>
</testsuite>